<?xml version="1.0" encoding="UTF-8"?>
<testng-results skipped="0" failed="0" ignored="0" total="2" passed="2">
  <reporter-output>
  </reporter-output>
  <suite name="Suite" duration-ms="15661" started-at="2020-09-11T09:33:10 IST" finished-at="2020-09-11T09:33:26 IST">
    <groups>
    </groups>
    <test name="Test" duration-ms="15661" started-at="2020-09-11T09:33:10 IST" finished-at="2020-09-11T09:33:26 IST">
      <class name="com.restassured.productTest.AdTest">
        <test-method status="PASS" signature="AddFormInValidResponse()[pri:0, instance:com.restassured.productTest.AdTest@7a765367]" name="AddFormInValidResponse" duration-ms="8690" started-at="2020-09-11T09:33:11 IST" finished-at="2020-09-11T09:33:19 IST">
          <reporter-output>
          </reporter-output>
        </test-method> <!-- AddFormInValidResponse -->
        <test-method status="PASS" signature="AddFormValidResponse()[pri:0, instance:com.restassured.productTest.AdTest@7a765367]" name="AddFormValidResponse" duration-ms="6643" started-at="2020-09-11T09:33:19 IST" finished-at="2020-09-11T09:33:26 IST">
          <reporter-output>
          </reporter-output>
        </test-method> <!-- AddFormValidResponse -->
      </class> <!-- com.restassured.productTest.AdTest -->
    </test> <!-- Test -->
  </suite> <!-- Suite -->
</testng-results>
